[debug] [2023-08-17T14:11:28.629Z] ----------------------------------------------------------------------
[debug] [2023-08-17T14:11:28.633Z] Command:       /usr/bin/node /usr/bin/firebase init
[debug] [2023-08-17T14:11:28.634Z] CLI Version:   12.4.8
[debug] [2023-08-17T14:11:28.635Z] Platform:      linux
[debug] [2023-08-17T14:11:28.635Z] Node Version:  v18.16.0
[debug] [2023-08-17T14:11:28.637Z] Time:          Thu Aug 17 2023 15:11:28 GMT+0100 (West Africa Standard Time)
[debug] [2023-08-17T14:11:28.638Z] ----------------------------------------------------------------------
[debug] 
[debug] [2023-08-17T14:11:28.649Z] > command requires scopes: ["email","openid","https://www.googleapis.com/auth/cloudplatformprojects.readonly","https://www.googleapis.com/auth/firebase","https://www.googleapis.com/auth/cloud-platform"]
[debug] [2023-08-17T14:11:28.650Z] > authorizing via signed-in user (gideonobiasor@gmail.com)
[info] 
     ######## #### ########  ######## ########     ###     ######  ########
     ##        ##  ##     ## ##       ##     ##  ##   ##  ##       ##
     ######    ##  ########  ######   ########  #########  ######  ######
     ##        ##  ##    ##  ##       ##     ## ##     ##       ## ##
     ##       #### ##     ## ######## ########  ##     ##  ######  ########

You're about to initialize a Firebase project in this directory:

  /root/Drplain-portfolio

[info] 
=== Project Setup
[info] 
[info] First, let's associate this project directory with a Firebase project.
[info] You can create multiple project aliases by running firebase use --add, 
[info] but for now we'll just set up a default project.
[info] 
[info] 
=== Hosting Setup
[info] 
[info] Your public directory is the folder (relative to your project directory) that
[info] will contain Hosting assets to be uploaded with firebase deploy. If you
[info] have a build process for your assets, use your build's output directory.
[info] 
[debug] [2023-08-17T14:13:18.888Z] >>> [apiv2][query] GET https://www.gstatic.com/firebasejs/releases.json [none]
[debug] [2023-08-17T14:13:20.847Z] <<< [apiv2][status] GET https://www.gstatic.com/firebasejs/releases.json 200
[debug] [2023-08-17T14:13:20.848Z] <<< [apiv2][body] GET https://www.gstatic.com/firebasejs/releases.json {"current":{"version":"10.1.0","browserURL":"https://www.gstatic.com/firebasejs/10.1.0/firebase.js","packageURL":"https://www.gstatic.com/firebasejs/10.1.0/firebase.tgz"},"live":{"version":"10.1","browserURL":"https://www.gstatic.com/firebasejs/live/10.1/firebase.js","packageURL":"https://www.gstatic.com/firebasejs/live/10.1/firebase.tgz"},"components":{"analytics":"https://www.gstatic.com/firebasejs/10.1.0/firebase-analytics.js","app":"https://www.gstatic.com/firebasejs/10.1.0/firebase-app.js","app-check":"https://www.gstatic.com/firebasejs/10.1.0/firebase-app-check.js","auth":"https://www.gstatic.com/firebasejs/10.1.0/firebase-auth.js","auth/cordova":"https://www.gstatic.com/firebasejs/10.1.0/firebase-auth/cordova.js","functions":"https://www.gstatic.com/firebasejs/10.1.0/firebase-functions.js","firestore":"https://www.gstatic.com/firebasejs/10.1.0/firebase-firestore.js","firestore/lite":"https://www.gstatic.com/firebasejs/10.1.0/firebase-firestore/lite.js","installations":"https://www.gstatic.com/firebasejs/10.1.0/firebase-installations.js","storage":"https://www.gstatic.com/firebasejs/10.1.0/firebase-storage.js","performance":"https://www.gstatic.com/firebasejs/10.1.0/firebase-performance.js","remote-config":"https://www.gstatic.com/firebasejs/10.1.0/firebase-remote-config.js","messaging":"https://www.gstatic.com/firebasejs/10.1.0/firebase-messaging.js","messaging/sw":"https://www.gstatic.com/firebasejs/10.1.0/firebase-messaging/sw.js","database":"https://www.gstatic.com/firebasejs/10.1.0/firebase-database.js","firestore.memory":"https://www.gstatic.com/firebasejs/10.1.0/firebase-firestore.memory.js"}}
[info] ✔  Wrote dist/index.html 
[debug] [2023-08-17T14:13:30.358Z] Error: Timed out.
    at Timeout._onTimeout (/usr/lib/node_modules/firebase-tools/lib/utils.js:254:49)
    at listOnTimeout (node:internal/timers:569:17)
    at process.processTimers (node:internal/timers:512:7)
[error] 
[error] Error: An unexpected error has occurred.
